<?xml version="1.0" encoding="UTF-8"?>
<!-- Generated by org.testng.reporters.JUnitXMLReporter -->
<testsuite ignored="0" hostname="DCCPL0634" failures="0" tests="5" name="Default test" time="5.913" errors="0" timestamp="2024-10-07T06:19:49 IST">
  <testcase classname="com.qa.opencart.tests.HomePageTest" name="homePageTitleTest" time="0.018"/>
  <testcase classname="com.qa.opencart.tests.HomePageTest" name="homePageUrlTest" time="0.003"/>
  <testcase classname="com.qa.opencart.tests.HomePageTest" name="searchResultTest" time="0.477"/>
  <testcase classname="com.qa.opencart.tests.HomePageTest" name="searchResultTest" time="0.285"/>
  <testcase classname="com.qa.opencart.tests.HomePageTest" name="searchResultTest" time="0.318"/>
</testsuite> <!-- Default test -->
