<?xml version="1.0" encoding="UTF-8"?>
<!-- Generated by org.testng.reporters.JUnitXMLReporter -->
<testsuite ignored="0" hostname="DCCPL0634" failures="0" tests="5" name="Open Cart Home Page Test" time="6.551" errors="0" timestamp="2024-10-07T11:36:18 IST">
  <testcase classname="com.qa.opencart.tests.HomePageTest" name="homePageTitleTest" time="0.019"/>
  <testcase classname="com.qa.opencart.tests.HomePageTest" name="homePageUrlTest" time="0.006"/>
  <testcase classname="com.qa.opencart.tests.HomePageTest" name="searchResultTest" time="0.435"/>
  <testcase classname="com.qa.opencart.tests.HomePageTest" name="searchResultTest" time="0.287"/>
  <testcase classname="com.qa.opencart.tests.HomePageTest" name="searchResultTest" time="0.321"/>
</testsuite> <!-- Open Cart Home Page Test -->
