<?xml version="1.0" encoding="UTF-8"?>
<!-- Generated by org.testng.reporters.JUnitXMLReporter -->
<testsuite ignored="0" hostname="DCCPL0634" failures="0" tests="5" name="Open Cart Home Page Test" time="15.797" errors="0" timestamp="14 Oct 2024 09:03:08 GMT">
  <testcase classname="com.qa.opencart.tests.HomePageTest" name="homePageTitleTest" time="0.011"/>
  <testcase classname="com.qa.opencart.tests.HomePageTest" name="homePageUrlTest" time="0.003"/>
  <testcase classname="com.qa.opencart.tests.HomePageTest" name="searchResultTest" time="0.641"/>
  <testcase classname="com.qa.opencart.tests.HomePageTest" name="searchResultTest" time="0.93"/>
  <testcase classname="com.qa.opencart.tests.HomePageTest" name="searchResultTest" time="0.359"/>
</testsuite> <!-- Open Cart Home Page Test -->
