<?xml version="1.0" encoding="UTF-8"?>
<!-- Generated by org.testng.reporters.JUnitXMLReporter -->
<testsuite ignored="0" hostname="DCCPL0634" failures="0" tests="3" name="Open Cart Login Page Test" time="7.253" errors="0" timestamp="14 Oct 2024 09:03:00 GMT">
  <testcase classname="com.qa.opencart.tests.LoginPageTest" name="loginPageNavigatonTest" time="0.391"/>
  <testcase classname="com.qa.opencart.tests.LoginPageTest" name="forgotPwdLinkExistTest" time="0.01"/>
  <testcase classname="com.qa.opencart.tests.LoginPageTest" name="appLoginTest" time="0.37"/>
</testsuite> <!-- Open Cart Login Page Test -->
