<?xml version="1.0" encoding="UTF-8"?>
<testng-results ignored="0" total="8" passed="8" failed="0" skipped="0">
  <reporter-output>
  </reporter-output>
  <suite started-at="2024-10-08T09:56:59Z" name="Open Cart Test Regression PW Suite" finished-at="2024-10-08T09:57:09Z" duration-ms="10197">
    <groups>
    </groups>
    <test started-at="2024-10-08T09:56:59Z" name="Open Cart Login Page Test" finished-at="2024-10-08T09:57:08Z" duration-ms="8677">
      <class name="com.qa.opencart.tests.LoginPageTest">
        <test-method is-config="true" signature="setUp()[pri:0, instance:com.qa.opencart.tests.LoginPageTest@72e5a8e]" started-at="2024-10-08T15:26:59Z" name="setUp" finished-at="2024-10-08T15:27:05Z" duration-ms="5342" status="PASS">
          <reporter-output>
          </reporter-output>
        </test-method> <!-- setUp -->
        <test-method signature="loginPageNavigatonTest()[pri:1, instance:com.qa.opencart.tests.LoginPageTest@72e5a8e]" started-at="2024-10-08T15:27:05Z" name="loginPageNavigatonTest" finished-at="2024-10-08T15:27:05Z" duration-ms="752" status="PASS">
          <reporter-output>
          </reporter-output>
        </test-method> <!-- loginPageNavigatonTest -->
        <test-method signature="forgotPwdLinkExistTest()[pri:2, instance:com.qa.opencart.tests.LoginPageTest@72e5a8e]" started-at="2024-10-08T15:27:06Z" name="forgotPwdLinkExistTest" finished-at="2024-10-08T15:27:06Z" duration-ms="14" status="PASS">
          <reporter-output>
          </reporter-output>
        </test-method> <!-- forgotPwdLinkExistTest -->
        <test-method signature="appLoginTest()[pri:3, instance:com.qa.opencart.tests.LoginPageTest@72e5a8e]" started-at="2024-10-08T15:27:06Z" name="appLoginTest" finished-at="2024-10-08T15:27:07Z" duration-ms="618" status="PASS">
          <reporter-output>
          </reporter-output>
        </test-method> <!-- appLoginTest -->
        <test-method is-config="true" signature="tearDown()[pri:0, instance:com.qa.opencart.tests.LoginPageTest@72e5a8e]" started-at="2024-10-08T15:27:07Z" name="tearDown" finished-at="2024-10-08T15:27:08Z" duration-ms="995" status="PASS">
          <reporter-output>
          </reporter-output>
        </test-method> <!-- tearDown -->
      </class> <!-- com.qa.opencart.tests.LoginPageTest -->
    </test> <!-- Open Cart Login Page Test -->
    <test started-at="2024-10-08T09:56:59Z" name="Open Cart Home Page Test" finished-at="2024-10-08T09:57:09Z" duration-ms="10197">
      <class name="com.qa.opencart.tests.HomePageTest">
        <test-method is-config="true" signature="setUp()[pri:0, instance:com.qa.opencart.tests.HomePageTest@36916eb0]" started-at="2024-10-08T15:26:59Z" name="setUp" finished-at="2024-10-08T15:27:06Z" duration-ms="6817" status="PASS">
          <reporter-output>
          </reporter-output>
        </test-method> <!-- setUp -->
        <test-method signature="homePageTitleTest()[pri:0, instance:com.qa.opencart.tests.HomePageTest@36916eb0]" started-at="2024-10-08T15:27:06Z" name="homePageTitleTest" finished-at="2024-10-08T15:27:06Z" duration-ms="11" status="PASS">
          <reporter-output>
          </reporter-output>
        </test-method> <!-- homePageTitleTest -->
        <test-method signature="homePageUrlTest()[pri:0, instance:com.qa.opencart.tests.HomePageTest@36916eb0]" started-at="2024-10-08T15:27:07Z" name="homePageUrlTest" finished-at="2024-10-08T15:27:07Z" duration-ms="207" status="PASS">
          <reporter-output>
          </reporter-output>
        </test-method> <!-- homePageUrlTest -->
        <test-method signature="searchResultTest(java.lang.String)[pri:0, instance:com.qa.opencart.tests.HomePageTest@36916eb0]" started-at="2024-10-08T15:27:07Z" name="searchResultTest" data-provider="getProductData" finished-at="2024-10-08T15:27:08Z" duration-ms="380" status="PASS">
          <params>
            <param index="0">
              <value>
                <![CDATA[Mackbook]]>
              </value>
            </param>
          </params>
          <reporter-output>
          </reporter-output>
        </test-method> <!-- searchResultTest -->
        <test-method signature="searchResultTest(java.lang.String)[pri:0, instance:com.qa.opencart.tests.HomePageTest@36916eb0]" started-at="2024-10-08T15:27:08Z" name="searchResultTest" data-provider="getProductData" finished-at="2024-10-08T15:27:08Z" duration-ms="335" status="PASS">
          <params>
            <param index="0">
              <value>
                <![CDATA[iMac]]>
              </value>
            </param>
          </params>
          <reporter-output>
          </reporter-output>
        </test-method> <!-- searchResultTest -->
        <test-method signature="searchResultTest(java.lang.String)[pri:0, instance:com.qa.opencart.tests.HomePageTest@36916eb0]" started-at="2024-10-08T15:27:09Z" name="searchResultTest" data-provider="getProductData" finished-at="2024-10-08T15:27:09Z" duration-ms="283" status="PASS">
          <params>
            <param index="0">
              <value>
                <![CDATA[Samsung]]>
              </value>
            </param>
          </params>
          <reporter-output>
          </reporter-output>
        </test-method> <!-- searchResultTest -->
        <test-method is-config="true" signature="tearDown()[pri:0, instance:com.qa.opencart.tests.HomePageTest@36916eb0]" started-at="2024-10-08T15:27:09Z" name="tearDown" finished-at="2024-10-08T15:27:09Z" duration-ms="334" status="PASS">
          <reporter-output>
          </reporter-output>
        </test-method> <!-- tearDown -->
      </class> <!-- com.qa.opencart.tests.HomePageTest -->
    </test> <!-- Open Cart Home Page Test -->
  </suite> <!-- Open Cart Test Regression PW Suite -->
</testng-results>
