<?xml version="1.0" encoding="UTF-8"?>
<testng-results ignored="0" total="8" passed="8" failed="0" skipped="0">
  <reporter-output>
  </reporter-output>
  <suite started-at="2024-10-07T18:14:29 IST" name="Open Cart Test Regression PW Suite" finished-at="2024-10-07T18:14:37 IST" duration-ms="8571">
    <groups>
    </groups>
    <test started-at="2024-10-07T18:14:29 IST" name="Open Cart Home Page Test" finished-at="2024-10-07T18:14:37 IST" duration-ms="8357">
      <class name="com.qa.opencart.tests.HomePageTest">
        <test-method is-config="true" signature="setUp()[pri:0, instance:com.qa.opencart.tests.HomePageTest@291b4bf5]" started-at="2024-10-07T18:14:29 IST" name="setUp" finished-at="2024-10-07T18:14:34 IST" duration-ms="5498" status="PASS">
          <reporter-output>
          </reporter-output>
        </test-method> <!-- setUp -->
        <test-method signature="homePageTitleTest()[pri:0, instance:com.qa.opencart.tests.HomePageTest@291b4bf5]" started-at="2024-10-07T18:14:34 IST" name="homePageTitleTest" finished-at="2024-10-07T18:14:34 IST" duration-ms="96" status="PASS">
          <reporter-output>
          </reporter-output>
        </test-method> <!-- homePageTitleTest -->
        <test-method signature="homePageUrlTest()[pri:0, instance:com.qa.opencart.tests.HomePageTest@291b4bf5]" started-at="2024-10-07T18:14:34 IST" name="homePageUrlTest" finished-at="2024-10-07T18:14:34 IST" duration-ms="5" status="PASS">
          <reporter-output>
          </reporter-output>
        </test-method> <!-- homePageUrlTest -->
        <test-method signature="searchResultTest(java.lang.String)[pri:0, instance:com.qa.opencart.tests.HomePageTest@291b4bf5]" started-at="2024-10-07T18:14:34 IST" name="searchResultTest" data-provider="getProductData" finished-at="2024-10-07T18:14:35 IST" duration-ms="750" status="PASS">
          <params>
            <param index="0">
              <value>
                <![CDATA[Mackbook]]>
              </value>
            </param>
          </params>
          <reporter-output>
          </reporter-output>
        </test-method> <!-- searchResultTest -->
        <test-method signature="searchResultTest(java.lang.String)[pri:0, instance:com.qa.opencart.tests.HomePageTest@291b4bf5]" started-at="2024-10-07T18:14:35 IST" name="searchResultTest" data-provider="getProductData" finished-at="2024-10-07T18:14:35 IST" duration-ms="425" status="PASS">
          <params>
            <param index="0">
              <value>
                <![CDATA[iMac]]>
              </value>
            </param>
          </params>
          <reporter-output>
          </reporter-output>
        </test-method> <!-- searchResultTest -->
        <test-method signature="searchResultTest(java.lang.String)[pri:0, instance:com.qa.opencart.tests.HomePageTest@291b4bf5]" started-at="2024-10-07T18:14:35 IST" name="searchResultTest" data-provider="getProductData" finished-at="2024-10-07T18:14:36 IST" duration-ms="437" status="PASS">
          <params>
            <param index="0">
              <value>
                <![CDATA[Samsung]]>
              </value>
            </param>
          </params>
          <reporter-output>
          </reporter-output>
        </test-method> <!-- searchResultTest -->
        <test-method is-config="true" signature="tearDown()[pri:0, instance:com.qa.opencart.tests.HomePageTest@291b4bf5]" started-at="2024-10-07T18:14:36 IST" name="tearDown" finished-at="2024-10-07T18:14:37 IST" duration-ms="1057" status="PASS">
          <reporter-output>
          </reporter-output>
        </test-method> <!-- tearDown -->
      </class> <!-- com.qa.opencart.tests.HomePageTest -->
    </test> <!-- Open Cart Home Page Test -->
    <test started-at="2024-10-07T18:14:29 IST" name="Open Cart Login Page Test" finished-at="2024-10-07T18:14:37 IST" duration-ms="8571">
      <class name="com.qa.opencart.tests.LoginPageTest">
        <test-method is-config="true" signature="setUp()[pri:0, instance:com.qa.opencart.tests.LoginPageTest@5f16132a]" started-at="2024-10-07T18:14:29 IST" name="setUp" finished-at="2024-10-07T18:14:36 IST" duration-ms="7361" status="PASS">
          <reporter-output>
          </reporter-output>
        </test-method> <!-- setUp -->
        <test-method signature="loginPageNavigatonTest()[pri:1, instance:com.qa.opencart.tests.LoginPageTest@5f16132a]" started-at="2024-10-07T18:14:36 IST" name="loginPageNavigatonTest" finished-at="2024-10-07T18:14:36 IST" duration-ms="476" status="PASS">
          <reporter-output>
          </reporter-output>
        </test-method> <!-- loginPageNavigatonTest -->
        <test-method signature="forgotPwdLinkExistTest()[pri:2, instance:com.qa.opencart.tests.LoginPageTest@5f16132a]" started-at="2024-10-07T18:14:36 IST" name="forgotPwdLinkExistTest" finished-at="2024-10-07T18:14:36 IST" duration-ms="28" status="PASS">
          <reporter-output>
          </reporter-output>
        </test-method> <!-- forgotPwdLinkExistTest -->
        <test-method signature="appLoginTest()[pri:3, instance:com.qa.opencart.tests.LoginPageTest@5f16132a]" started-at="2024-10-07T18:14:36 IST" name="appLoginTest" finished-at="2024-10-07T18:14:37 IST" duration-ms="287" status="PASS">
          <reporter-output>
          </reporter-output>
        </test-method> <!-- appLoginTest -->
        <test-method is-config="true" signature="tearDown()[pri:0, instance:com.qa.opencart.tests.LoginPageTest@5f16132a]" started-at="2024-10-07T18:14:37 IST" name="tearDown" finished-at="2024-10-07T18:14:37 IST" duration-ms="382" status="PASS">
          <reporter-output>
          </reporter-output>
        </test-method> <!-- tearDown -->
      </class> <!-- com.qa.opencart.tests.LoginPageTest -->
    </test> <!-- Open Cart Login Page Test -->
  </suite> <!-- Open Cart Test Regression PW Suite -->
</testng-results>
